This file contains any messages produced by compilers while
running configure, to aid debugging if configure makes a mistake.

It was created by ndn-cpp configure 0.11, which was
generated by GNU Autoconf 2.69.  Invocation command line was

  $ ./configure 

## --------- ##
## Platform. ##
## --------- ##

hostname = mali
uname -m = x86_64
uname -r = 4.8.0-58-generic
uname -s = Linux
uname -v = #63~16.04.1-Ubuntu SMP Mon Jun 26 18:08:51 UTC 2017

/usr/bin/uname -p = unknown
/bin/uname -X     = unknown

/bin/arch              = unknown
/usr/bin/arch -k       = unknown
/usr/convex/getsysinfo = unknown
/usr/bin/hostinfo      = unknown
/bin/machine           = unknown
/usr/bin/oslevel       = unknown
/bin/universe          = unknown

PATH: /home/mali/bin
PATH: /home/mali/.local/bin
PATH: /usr/local/sbin
PATH: /usr/local/bin
PATH: /usr/sbin
PATH: /usr/bin
PATH: /sbin
PATH: /bin
PATH: /usr/games
PATH: /usr/local/games
PATH: /snap/bin


## ----------- ##
## Core tests. ##
## ----------- ##

configure:2831: checking for a BSD-compatible install
configure:2899: result: /usr/bin/install -c
configure:2910: checking whether build environment is sane
configure:2965: result: yes
configure:3116: checking for a thread-safe mkdir -p
configure:3155: result: /bin/mkdir -p
configure:3162: checking for gawk
configure:3192: result: no
configure:3162: checking for mawk
configure:3178: found /usr/bin/mawk
configure:3189: result: mawk
configure:3200: checking whether make sets $(MAKE)
configure:3222: result: yes
configure:3251: checking whether make supports nested variables
configure:3268: result: yes
configure:3396: checking whether to enable maintainer-specific portions of Makefiles
configure:3405: result: no
configure:3430: checking for style of include used by make
configure:3458: result: GNU
configure:3529: checking for gcc
configure:3545: found /usr/bin/gcc
configure:3556: result: gcc
configure:3785: checking for C compiler version
configure:3794: gcc --version >&5
gcc (Ubuntu 5.4.0-6ubuntu1~16.04.4) 5.4.0 20160609
Copyright (C) 2015 Free Software Foundation, Inc.
This is free software; see the source for copying conditions.  There is NO
warranty; not even for MERCHANTABILITY or FITNESS FOR A PARTICULAR PURPOSE.

configure:3805: $? = 0
configure:3794: gcc -v >&5
Using built-in specs.
COLLECT_GCC=gcc
COLLECT_LTO_WRAPPER=/usr/lib/gcc/x86_64-linux-gnu/5/lto-wrapper
Target: x86_64-linux-gnu
Configured with: ../src/configure -v --with-pkgversion='Ubuntu 5.4.0-6ubuntu1~16.04.4' --with-bugurl=file:///usr/share/doc/gcc-5/README.Bugs --enable-languages=c,ada,c++,java,go,d,fortran,objc,obj-c++ --prefix=/usr --program-suffix=-5 --enable-shared --enable-linker-build-id --libexecdir=/usr/lib --without-included-gettext --enable-threads=posix --libdir=/usr/lib --enable-nls --with-sysroot=/ --enable-clocale=gnu --enable-libstdcxx-debug --enable-libstdcxx-time=yes --with-default-libstdcxx-abi=new --enable-gnu-unique-object --disable-vtable-verify --enable-libmpx --enable-plugin --with-system-zlib --disable-browser-plugin --enable-java-awt=gtk --enable-gtk-cairo --with-java-home=/usr/lib/jvm/java-1.5.0-gcj-5-amd64/jre --enable-java-home --with-jvm-root-dir=/usr/lib/jvm/java-1.5.0-gcj-5-amd64 --with-jvm-jar-dir=/usr/lib/jvm-exports/java-1.5.0-gcj-5-amd64 --with-arch-directory=amd64 --with-ecj-jar=/usr/share/java/eclipse-ecj.jar --enable-objc-gc --enable-multiarch --disable-werror --with-arch-32=i686 --with-abi=m64 --with-multilib-list=m32,m64,mx32 --enable-multilib --with-tune=generic --enable-checking=release --build=x86_64-linux-gnu --host=x86_64-linux-gnu --target=x86_64-linux-gnu
Thread model: posix
gcc version 5.4.0 20160609 (Ubuntu 5.4.0-6ubuntu1~16.04.4) 
configure:3805: $? = 0
configure:3794: gcc -V >&5
gcc: error: unrecognized command line option '-V'
gcc: fatal error: no input files
compilation terminated.
configure:3805: $? = 1
configure:3794: gcc -qversion >&5
gcc: error: unrecognized command line option '-qversion'
gcc: fatal error: no input files
compilation terminated.
configure:3805: $? = 1
configure:3825: checking whether the C compiler works
configure:3847: gcc    conftest.c  >&5
configure:3851: $? = 0
configure:3899: result: yes
configure:3902: checking for C compiler default output file name
configure:3904: result: a.out
configure:3910: checking for suffix of executables
configure:3917: gcc -o conftest    conftest.c  >&5
configure:3921: $? = 0
configure:3943: result: 
configure:3965: checking whether we are cross compiling
configure:3973: gcc -o conftest    conftest.c  >&5
configure:3977: $? = 0
configure:3984: ./conftest
configure:3988: $? = 0
configure:4003: result: no
configure:4008: checking for suffix of object files
configure:4030: gcc -c   conftest.c >&5
configure:4034: $? = 0
configure:4055: result: o
configure:4059: checking whether we are using the GNU C compiler
configure:4078: gcc -c   conftest.c >&5
configure:4078: $? = 0
configure:4087: result: yes
configure:4096: checking whether gcc accepts -g
configure:4116: gcc -c -g  conftest.c >&5
configure:4116: $? = 0
configure:4157: result: yes
configure:4174: checking for gcc option to accept ISO C89
configure:4237: gcc  -c -g -O2  conftest.c >&5
configure:4237: $? = 0
configure:4250: result: none needed
configure:4275: checking whether gcc understands -c and -o together
configure:4297: gcc -c conftest.c -o conftest2.o
configure:4300: $? = 0
configure:4297: gcc -c conftest.c -o conftest2.o
configure:4300: $? = 0
configure:4312: result: yes
configure:4331: checking dependency style of gcc
configure:4442: result: gcc3
configure:4507: checking for ar
configure:4523: found /usr/bin/ar
configure:4534: result: ar
configure:4560: checking the archiver (ar) interface
configure:4576: gcc -c -g -O2  conftest.c >&5
configure:4576: $? = 0
configure:4578: ar cru libconftest.a conftest.o >&5
ar: `u' modifier ignored since `D' is the default (see `U')
configure:4581: $? = 0
configure:4609: result: ar
configure:4658: checking build system type
configure:4672: result: x86_64-pc-linux-gnu
configure:4692: checking host system type
configure:4705: result: x86_64-pc-linux-gnu
configure:4746: checking how to print strings
configure:4773: result: printf
configure:4794: checking for a sed that does not truncate output
configure:4858: result: /bin/sed
configure:4876: checking for grep that handles long lines and -e
configure:4934: result: /bin/grep
configure:4939: checking for egrep
configure:5001: result: /bin/grep -E
configure:5006: checking for fgrep
configure:5068: result: /bin/grep -F
configure:5103: checking for ld used by gcc
configure:5170: result: /usr/bin/ld
configure:5177: checking if the linker (/usr/bin/ld) is GNU ld
configure:5192: result: yes
configure:5204: checking for BSD- or MS-compatible name lister (nm)
configure:5258: result: /usr/bin/nm -B
configure:5388: checking the name lister (/usr/bin/nm -B) interface
configure:5395: gcc -c -g -O2  conftest.c >&5
configure:5398: /usr/bin/nm -B "conftest.o"
configure:5401: output
0000000000000000 B some_variable
configure:5408: result: BSD nm
configure:5411: checking whether ln -s works
configure:5415: result: yes
configure:5423: checking the maximum length of command line arguments
configure:5554: result: 1572864
configure:5602: checking how to convert x86_64-pc-linux-gnu file names to x86_64-pc-linux-gnu format
configure:5642: result: func_convert_file_noop
configure:5649: checking how to convert x86_64-pc-linux-gnu file names to toolchain format
configure:5669: result: func_convert_file_noop
configure:5676: checking for /usr/bin/ld option to reload object files
configure:5683: result: -r
configure:5757: checking for objdump
configure:5773: found /usr/bin/objdump
configure:5784: result: objdump
configure:5816: checking how to recognize dependent libraries
configure:6016: result: pass_all
configure:6101: checking for dlltool
configure:6131: result: no
configure:6161: checking how to associate runtime and link libraries
configure:6188: result: printf %s\n
configure:6312: checking for archiver @FILE support
configure:6329: gcc -c -g -O2  conftest.c >&5
configure:6329: $? = 0
configure:6332: ar cru libconftest.a @conftest.lst >&5
ar: `u' modifier ignored since `D' is the default (see `U')
configure:6335: $? = 0
configure:6340: ar cru libconftest.a @conftest.lst >&5
ar: `u' modifier ignored since `D' is the default (see `U')
ar: conftest.o: No such file or directory
configure:6343: $? = 1
configure:6355: result: @
configure:6413: checking for strip
configure:6429: found /usr/bin/strip
configure:6440: result: strip
configure:6512: checking for ranlib
configure:6528: found /usr/bin/ranlib
configure:6539: result: ranlib
configure:6641: checking command to parse /usr/bin/nm -B output from gcc object
configure:6794: gcc -c -g -O2  conftest.c >&5
configure:6797: $? = 0
configure:6801: /usr/bin/nm -B conftest.o \| sed -n -e 's/^.*[ ]\([ABCDGIRSTW][ABCDGIRSTW]*\)[ ][ ]*\([_A-Za-z][_A-Za-z0-9]*\)$/\1 \2 \2/p' | sed '/ __gnu_lto/d' \> conftest.nm
configure:6804: $? = 0
configure:6870: gcc -o conftest -g -O2   conftest.c conftstm.o >&5
configure:6873: $? = 0
configure:6911: result: ok
configure:6958: checking for sysroot
configure:6988: result: no
configure:6995: checking for a working dd
configure:7033: result: /bin/dd
configure:7037: checking how to truncate binary pipes
configure:7052: result: /bin/dd bs=4096 count=1
configure:7188: gcc -c -g -O2  conftest.c >&5
configure:7191: $? = 0
configure:7381: checking for mt
configure:7397: found /bin/mt
configure:7408: result: mt
configure:7431: checking if mt is a manifest tool
configure:7437: mt '-?'
configure:7445: result: no
configure:8122: checking how to run the C preprocessor
configure:8153: gcc -E  conftest.c
configure:8153: $? = 0
configure:8167: gcc -E  conftest.c
conftest.c:9:28: fatal error: ac_nonexistent.h: No such file or directory
compilation terminated.
configure:8167: $? = 1
configure: failed program was:
| /* confdefs.h */
| #define PACKAGE_NAME "ndn-cpp"
| #define PACKAGE_TARNAME "ndn-cpp"
| #define PACKAGE_VERSION "0.11"
| #define PACKAGE_STRING "ndn-cpp 0.11"
| #define PACKAGE_BUGREPORT "ndn-lib@lists.cs.ucla.edu"
| #define PACKAGE_URL "https://github.com/named-data/ndn-cpp"
| /* end confdefs.h.  */
| #include <ac_nonexistent.h>
configure:8192: result: gcc -E
configure:8212: gcc -E  conftest.c
configure:8212: $? = 0
configure:8226: gcc -E  conftest.c
conftest.c:9:28: fatal error: ac_nonexistent.h: No such file or directory
compilation terminated.
configure:8226: $? = 1
configure: failed program was:
| /* confdefs.h */
| #define PACKAGE_NAME "ndn-cpp"
| #define PACKAGE_TARNAME "ndn-cpp"
| #define PACKAGE_VERSION "0.11"
| #define PACKAGE_STRING "ndn-cpp 0.11"
| #define PACKAGE_BUGREPORT "ndn-lib@lists.cs.ucla.edu"
| #define PACKAGE_URL "https://github.com/named-data/ndn-cpp"
| /* end confdefs.h.  */
| #include <ac_nonexistent.h>
configure:8255: checking for ANSI C header files
configure:8275: gcc -c -g -O2  conftest.c >&5
configure:8275: $? = 0
configure:8348: gcc -o conftest -g -O2   conftest.c  >&5
configure:8348: $? = 0
configure:8348: ./conftest
configure:8348: $? = 0
configure:8359: result: yes
configure:8372: checking for sys/types.h
configure:8372: gcc -c -g -O2  conftest.c >&5
configure:8372: $? = 0
configure:8372: result: yes
configure:8372: checking for sys/stat.h
configure:8372: gcc -c -g -O2  conftest.c >&5
configure:8372: $? = 0
configure:8372: result: yes
configure:8372: checking for stdlib.h
configure:8372: gcc -c -g -O2  conftest.c >&5
configure:8372: $? = 0
configure:8372: result: yes
configure:8372: checking for string.h
configure:8372: gcc -c -g -O2  conftest.c >&5
configure:8372: $? = 0
configure:8372: result: yes
configure:8372: checking for memory.h
configure:8372: gcc -c -g -O2  conftest.c >&5
configure:8372: $? = 0
configure:8372: result: yes
configure:8372: checking for strings.h
configure:8372: gcc -c -g -O2  conftest.c >&5
configure:8372: $? = 0
configure:8372: result: yes
configure:8372: checking for inttypes.h
configure:8372: gcc -c -g -O2  conftest.c >&5
configure:8372: $? = 0
configure:8372: result: yes
configure:8372: checking for stdint.h
configure:8372: gcc -c -g -O2  conftest.c >&5
configure:8372: $? = 0
configure:8372: result: yes
configure:8372: checking for unistd.h
configure:8372: gcc -c -g -O2  conftest.c >&5
configure:8372: $? = 0
configure:8372: result: yes
configure:8386: checking for dlfcn.h
configure:8386: gcc -c -g -O2  conftest.c >&5
configure:8386: $? = 0
configure:8386: result: yes
configure:8642: checking for objdir
configure:8657: result: .libs
configure:8921: checking if gcc supports -fno-rtti -fno-exceptions
configure:8939: gcc -c -g -O2  -fno-rtti -fno-exceptions conftest.c >&5
cc1: warning: command line option '-fno-rtti' is valid for C++/ObjC++ but not for C
configure:8943: $? = 0
configure:8956: result: no
configure:9314: checking for gcc option to produce PIC
configure:9321: result: -fPIC -DPIC
configure:9329: checking if gcc PIC flag -fPIC -DPIC works
configure:9347: gcc -c -g -O2  -fPIC -DPIC -DPIC conftest.c >&5
configure:9351: $? = 0
configure:9364: result: yes
configure:9393: checking if gcc static flag -static works
configure:9421: result: yes
configure:9436: checking if gcc supports -c -o file.o
configure:9457: gcc -c -g -O2  -o out/conftest2.o conftest.c >&5
configure:9461: $? = 0
configure:9483: result: yes
configure:9491: checking if gcc supports -c -o file.o
configure:9538: result: yes
configure:9571: checking whether the gcc linker (/usr/bin/ld -m elf_x86_64) supports shared libraries
configure:10834: result: yes
configure:10871: checking whether -lc should be explicitly linked in
configure:10879: gcc -c -g -O2  conftest.c >&5
configure:10882: $? = 0
configure:10897: gcc -shared  -fPIC -DPIC conftest.o  -v -Wl,-soname -Wl,conftest -o conftest 2\>\&1 \| /bin/grep  -lc  \>/dev/null 2\>\&1
configure:10900: $? = 0
configure:10914: result: no
configure:11074: checking dynamic linker characteristics
configure:11655: gcc -o conftest -g -O2   -Wl,-rpath -Wl,/foo conftest.c  >&5
configure:11655: $? = 0
configure:11904: result: GNU/Linux ld.so
configure:12026: checking how to hardcode library paths into programs
configure:12051: result: immediate
configure:12599: checking whether stripping libraries is possible
configure:12604: result: yes
configure:12639: checking if libtool supports shared libraries
configure:12641: result: yes
configure:12644: checking whether to build shared libraries
configure:12669: result: yes
configure:12672: checking whether to build static libraries
configure:12676: result: yes
configure:12773: checking for g++
configure:12789: found /usr/bin/g++
configure:12800: result: g++
configure:12827: checking for C++ compiler version
configure:12836: g++ --version >&5
g++ (Ubuntu 5.4.0-6ubuntu1~16.04.4) 5.4.0 20160609
Copyright (C) 2015 Free Software Foundation, Inc.
This is free software; see the source for copying conditions.  There is NO
warranty; not even for MERCHANTABILITY or FITNESS FOR A PARTICULAR PURPOSE.

configure:12847: $? = 0
configure:12836: g++ -v >&5
Using built-in specs.
COLLECT_GCC=g++
COLLECT_LTO_WRAPPER=/usr/lib/gcc/x86_64-linux-gnu/5/lto-wrapper
Target: x86_64-linux-gnu
Configured with: ../src/configure -v --with-pkgversion='Ubuntu 5.4.0-6ubuntu1~16.04.4' --with-bugurl=file:///usr/share/doc/gcc-5/README.Bugs --enable-languages=c,ada,c++,java,go,d,fortran,objc,obj-c++ --prefix=/usr --program-suffix=-5 --enable-shared --enable-linker-build-id --libexecdir=/usr/lib --without-included-gettext --enable-threads=posix --libdir=/usr/lib --enable-nls --with-sysroot=/ --enable-clocale=gnu --enable-libstdcxx-debug --enable-libstdcxx-time=yes --with-default-libstdcxx-abi=new --enable-gnu-unique-object --disable-vtable-verify --enable-libmpx --enable-plugin --with-system-zlib --disable-browser-plugin --enable-java-awt=gtk --enable-gtk-cairo --with-java-home=/usr/lib/jvm/java-1.5.0-gcj-5-amd64/jre --enable-java-home --with-jvm-root-dir=/usr/lib/jvm/java-1.5.0-gcj-5-amd64 --with-jvm-jar-dir=/usr/lib/jvm-exports/java-1.5.0-gcj-5-amd64 --with-arch-directory=amd64 --with-ecj-jar=/usr/share/java/eclipse-ecj.jar --enable-objc-gc --enable-multiarch --disable-werror --with-arch-32=i686 --with-abi=m64 --with-multilib-list=m32,m64,mx32 --enable-multilib --with-tune=generic --enable-checking=release --build=x86_64-linux-gnu --host=x86_64-linux-gnu --target=x86_64-linux-gnu
Thread model: posix
gcc version 5.4.0 20160609 (Ubuntu 5.4.0-6ubuntu1~16.04.4) 
configure:12847: $? = 0
configure:12836: g++ -V >&5
g++: error: unrecognized command line option '-V'
g++: fatal error: no input files
compilation terminated.
configure:12847: $? = 1
configure:12836: g++ -qversion >&5
g++: error: unrecognized command line option '-qversion'
g++: fatal error: no input files
compilation terminated.
configure:12847: $? = 1
configure:12851: checking whether we are using the GNU C++ compiler
configure:12870: g++ -c   conftest.cpp >&5
configure:12870: $? = 0
configure:12879: result: yes
configure:12888: checking whether g++ accepts -g
configure:12908: g++ -c -g  conftest.cpp >&5
configure:12908: $? = 0
configure:12949: result: yes
configure:12974: checking dependency style of g++
configure:13085: result: gcc3
configure:13118: checking how to run the C++ preprocessor
configure:13145: g++ -E  conftest.cpp
configure:13145: $? = 0
configure:13159: g++ -E  conftest.cpp
conftest.cpp:21:28: fatal error: ac_nonexistent.h: No such file or directory
compilation terminated.
configure:13159: $? = 1
configure: failed program was:
| /* confdefs.h */
| #define PACKAGE_NAME "ndn-cpp"
| #define PACKAGE_TARNAME "ndn-cpp"
| #define PACKAGE_VERSION "0.11"
| #define PACKAGE_STRING "ndn-cpp 0.11"
| #define PACKAGE_BUGREPORT "ndn-lib@lists.cs.ucla.edu"
| #define PACKAGE_URL "https://github.com/named-data/ndn-cpp"
| #define STDC_HEADERS 1
| #define HAVE_SYS_TYPES_H 1
| #define HAVE_SYS_STAT_H 1
| #define HAVE_STDLIB_H 1
| #define HAVE_STRING_H 1
| #define HAVE_MEMORY_H 1
| #define HAVE_STRINGS_H 1
| #define HAVE_INTTYPES_H 1
| #define HAVE_STDINT_H 1
| #define HAVE_UNISTD_H 1
| #define HAVE_DLFCN_H 1
| #define LT_OBJDIR ".libs/"
| /* end confdefs.h.  */
| #include <ac_nonexistent.h>
configure:13184: result: g++ -E
configure:13204: g++ -E  conftest.cpp
configure:13204: $? = 0
configure:13218: g++ -E  conftest.cpp
conftest.cpp:21:28: fatal error: ac_nonexistent.h: No such file or directory
compilation terminated.
configure:13218: $? = 1
configure: failed program was:
| /* confdefs.h */
| #define PACKAGE_NAME "ndn-cpp"
| #define PACKAGE_TARNAME "ndn-cpp"
| #define PACKAGE_VERSION "0.11"
| #define PACKAGE_STRING "ndn-cpp 0.11"
| #define PACKAGE_BUGREPORT "ndn-lib@lists.cs.ucla.edu"
| #define PACKAGE_URL "https://github.com/named-data/ndn-cpp"
| #define STDC_HEADERS 1
| #define HAVE_SYS_TYPES_H 1
| #define HAVE_SYS_STAT_H 1
| #define HAVE_STDLIB_H 1
| #define HAVE_STRING_H 1
| #define HAVE_MEMORY_H 1
| #define HAVE_STRINGS_H 1
| #define HAVE_INTTYPES_H 1
| #define HAVE_STDINT_H 1
| #define HAVE_UNISTD_H 1
| #define HAVE_DLFCN_H 1
| #define LT_OBJDIR ".libs/"
| /* end confdefs.h.  */
| #include <ac_nonexistent.h>
configure:13380: checking for ld used by g++
configure:13447: result: /usr/bin/ld -m elf_x86_64
configure:13454: checking if the linker (/usr/bin/ld -m elf_x86_64) is GNU ld
configure:13469: result: yes
configure:13524: checking whether the g++ linker (/usr/bin/ld -m elf_x86_64) supports shared libraries
configure:14597: result: yes
configure:14633: g++ -c -g -O2  conftest.cpp >&5
configure:14636: $? = 0
configure:15117: checking for g++ option to produce PIC
configure:15124: result: -fPIC -DPIC
configure:15132: checking if g++ PIC flag -fPIC -DPIC works
configure:15150: g++ -c -g -O2  -fPIC -DPIC -DPIC conftest.cpp >&5
configure:15154: $? = 0
configure:15167: result: yes
configure:15190: checking if g++ static flag -static works
configure:15218: result: yes
configure:15230: checking if g++ supports -c -o file.o
configure:15251: g++ -c -g -O2  -o out/conftest2.o conftest.cpp >&5
configure:15255: $? = 0
configure:15277: result: yes
configure:15282: checking if g++ supports -c -o file.o
configure:15329: result: yes
configure:15359: checking whether the g++ linker (/usr/bin/ld -m elf_x86_64) supports shared libraries
configure:15402: result: yes
configure:15543: checking dynamic linker characteristics
configure:16300: result: GNU/Linux ld.so
configure:16365: checking how to hardcode library paths into programs
configure:16390: result: immediate
configure:16485: checking for g++
configure:16501: found /usr/bin/g++
configure:16512: result: g++
configure:16537: checking for Objective C++ compiler version
configure:16546: g++ --version >&5
g++ (Ubuntu 5.4.0-6ubuntu1~16.04.4) 5.4.0 20160609
Copyright (C) 2015 Free Software Foundation, Inc.
This is free software; see the source for copying conditions.  There is NO
warranty; not even for MERCHANTABILITY or FITNESS FOR A PARTICULAR PURPOSE.

configure:16557: $? = 0
configure:16546: g++ -v >&5
Using built-in specs.
COLLECT_GCC=g++
COLLECT_LTO_WRAPPER=/usr/lib/gcc/x86_64-linux-gnu/5/lto-wrapper
Target: x86_64-linux-gnu
Configured with: ../src/configure -v --with-pkgversion='Ubuntu 5.4.0-6ubuntu1~16.04.4' --with-bugurl=file:///usr/share/doc/gcc-5/README.Bugs --enable-languages=c,ada,c++,java,go,d,fortran,objc,obj-c++ --prefix=/usr --program-suffix=-5 --enable-shared --enable-linker-build-id --libexecdir=/usr/lib --without-included-gettext --enable-threads=posix --libdir=/usr/lib --enable-nls --with-sysroot=/ --enable-clocale=gnu --enable-libstdcxx-debug --enable-libstdcxx-time=yes --with-default-libstdcxx-abi=new --enable-gnu-unique-object --disable-vtable-verify --enable-libmpx --enable-plugin --with-system-zlib --disable-browser-plugin --enable-java-awt=gtk --enable-gtk-cairo --with-java-home=/usr/lib/jvm/java-1.5.0-gcj-5-amd64/jre --enable-java-home --with-jvm-root-dir=/usr/lib/jvm/java-1.5.0-gcj-5-amd64 --with-jvm-jar-dir=/usr/lib/jvm-exports/java-1.5.0-gcj-5-amd64 --with-arch-directory=amd64 --with-ecj-jar=/usr/share/java/eclipse-ecj.jar --enable-objc-gc --enable-multiarch --disable-werror --with-arch-32=i686 --with-abi=m64 --with-multilib-list=m32,m64,mx32 --enable-multilib --with-tune=generic --enable-checking=release --build=x86_64-linux-gnu --host=x86_64-linux-gnu --target=x86_64-linux-gnu
Thread model: posix
gcc version 5.4.0 20160609 (Ubuntu 5.4.0-6ubuntu1~16.04.4) 
configure:16557: $? = 0
configure:16546: g++ -V >&5
g++: error: unrecognized command line option '-V'
g++: fatal error: no input files
compilation terminated.
configure:16557: $? = 1
configure:16546: g++ -qversion >&5
g++: error: unrecognized command line option '-qversion'
g++: fatal error: no input files
compilation terminated.
configure:16557: $? = 1
configure:16561: checking whether we are using the GNU Objective C++ compiler
configure:16580: g++ -c   conftest.mm >&5
g++: error trying to exec 'cc1objplus': execvp: No such file or directory
configure:16580: $? = 1
configure: failed program was:
| /* confdefs.h */
| #define PACKAGE_NAME "ndn-cpp"
| #define PACKAGE_TARNAME "ndn-cpp"
| #define PACKAGE_VERSION "0.11"
| #define PACKAGE_STRING "ndn-cpp 0.11"
| #define PACKAGE_BUGREPORT "ndn-lib@lists.cs.ucla.edu"
| #define PACKAGE_URL "https://github.com/named-data/ndn-cpp"
| #define STDC_HEADERS 1
| #define HAVE_SYS_TYPES_H 1
| #define HAVE_SYS_STAT_H 1
| #define HAVE_STDLIB_H 1
| #define HAVE_STRING_H 1
| #define HAVE_MEMORY_H 1
| #define HAVE_STRINGS_H 1
| #define HAVE_INTTYPES_H 1
| #define HAVE_STDINT_H 1
| #define HAVE_UNISTD_H 1
| #define HAVE_DLFCN_H 1
| #define LT_OBJDIR ".libs/"
| /* end confdefs.h.  */
| 
| int
| main ()
| {
| #ifndef __GNUC__
|        choke me
| #endif
| 
|   ;
|   return 0;
| }
configure:16589: result: no
configure:16598: checking whether g++ accepts -g
configure:16618: g++ -c -g  conftest.mm >&5
g++: error trying to exec 'cc1objplus': execvp: No such file or directory
configure:16618: $? = 1
configure: failed program was:
| /* confdefs.h */
| #define PACKAGE_NAME "ndn-cpp"
| #define PACKAGE_TARNAME "ndn-cpp"
| #define PACKAGE_VERSION "0.11"
| #define PACKAGE_STRING "ndn-cpp 0.11"
| #define PACKAGE_BUGREPORT "ndn-lib@lists.cs.ucla.edu"
| #define PACKAGE_URL "https://github.com/named-data/ndn-cpp"
| #define STDC_HEADERS 1
| #define HAVE_SYS_TYPES_H 1
| #define HAVE_SYS_STAT_H 1
| #define HAVE_STDLIB_H 1
| #define HAVE_STRING_H 1
| #define HAVE_MEMORY_H 1
| #define HAVE_STRINGS_H 1
| #define HAVE_INTTYPES_H 1
| #define HAVE_STDINT_H 1
| #define HAVE_UNISTD_H 1
| #define HAVE_DLFCN_H 1
| #define LT_OBJDIR ".libs/"
| /* end confdefs.h.  */
| 
| int
| main ()
| {
| 
|   ;
|   return 0;
| }
configure:16633: g++ -c   conftest.mm >&5
g++: error trying to exec 'cc1objplus': execvp: No such file or directory
configure:16633: $? = 1
configure: failed program was:
| /* confdefs.h */
| #define PACKAGE_NAME "ndn-cpp"
| #define PACKAGE_TARNAME "ndn-cpp"
| #define PACKAGE_VERSION "0.11"
| #define PACKAGE_STRING "ndn-cpp 0.11"
| #define PACKAGE_BUGREPORT "ndn-lib@lists.cs.ucla.edu"
| #define PACKAGE_URL "https://github.com/named-data/ndn-cpp"
| #define STDC_HEADERS 1
| #define HAVE_SYS_TYPES_H 1
| #define HAVE_SYS_STAT_H 1
| #define HAVE_STDLIB_H 1
| #define HAVE_STRING_H 1
| #define HAVE_MEMORY_H 1
| #define HAVE_STRINGS_H 1
| #define HAVE_INTTYPES_H 1
| #define HAVE_STDINT_H 1
| #define HAVE_UNISTD_H 1
| #define HAVE_DLFCN_H 1
| #define LT_OBJDIR ".libs/"
| /* end confdefs.h.  */
| 
| int
| main ()
| {
| 
|   ;
|   return 0;
| }
configure:16649: g++ -c -g  conftest.mm >&5
g++: error trying to exec 'cc1objplus': execvp: No such file or directory
configure:16649: $? = 1
configure: failed program was:
| /* confdefs.h */
| #define PACKAGE_NAME "ndn-cpp"
| #define PACKAGE_TARNAME "ndn-cpp"
| #define PACKAGE_VERSION "0.11"
| #define PACKAGE_STRING "ndn-cpp 0.11"
| #define PACKAGE_BUGREPORT "ndn-lib@lists.cs.ucla.edu"
| #define PACKAGE_URL "https://github.com/named-data/ndn-cpp"
| #define STDC_HEADERS 1
| #define HAVE_SYS_TYPES_H 1
| #define HAVE_SYS_STAT_H 1
| #define HAVE_STDLIB_H 1
| #define HAVE_STRING_H 1
| #define HAVE_MEMORY_H 1
| #define HAVE_STRINGS_H 1
| #define HAVE_INTTYPES_H 1
| #define HAVE_STDINT_H 1
| #define HAVE_UNISTD_H 1
| #define HAVE_DLFCN_H 1
| #define LT_OBJDIR ".libs/"
| /* end confdefs.h.  */
| 
| int
| main ()
| {
| 
|   ;
|   return 0;
| }
configure:16659: result: no
configure:16684: checking dependency style of g++
configure:16793: result: gcc3
configure:16832: checking for size_t
configure:16832: g++ -c -g -O2  conftest.cpp >&5
configure:16832: $? = 0
configure:16832: g++ -c -g -O2  conftest.cpp >&5
conftest.cpp: In function 'int main()':
conftest.cpp:57:20: error: expected primary-expression before ')' token
 if (sizeof ((size_t)))
                    ^
configure:16832: $? = 1
configure: failed program was:
| /* confdefs.h */
| #define PACKAGE_NAME "ndn-cpp"
| #define PACKAGE_TARNAME "ndn-cpp"
| #define PACKAGE_VERSION "0.11"
| #define PACKAGE_STRING "ndn-cpp 0.11"
| #define PACKAGE_BUGREPORT "ndn-lib@lists.cs.ucla.edu"
| #define PACKAGE_URL "https://github.com/named-data/ndn-cpp"
| #define STDC_HEADERS 1
| #define HAVE_SYS_TYPES_H 1
| #define HAVE_SYS_STAT_H 1
| #define HAVE_STDLIB_H 1
| #define HAVE_STRING_H 1
| #define HAVE_MEMORY_H 1
| #define HAVE_STRINGS_H 1
| #define HAVE_INTTYPES_H 1
| #define HAVE_STDINT_H 1
| #define HAVE_UNISTD_H 1
| #define HAVE_DLFCN_H 1
| #define LT_OBJDIR ".libs/"
| /* end confdefs.h.  */
| #include <stdio.h>
| #ifdef HAVE_SYS_TYPES_H
| # include <sys/types.h>
| #endif
| #ifdef HAVE_SYS_STAT_H
| # include <sys/stat.h>
| #endif
| #ifdef STDC_HEADERS
| # include <stdlib.h>
| # include <stddef.h>
| #else
| # ifdef HAVE_STDLIB_H
| #  include <stdlib.h>
| # endif
| #endif
| #ifdef HAVE_STRING_H
| # if !defined STDC_HEADERS && defined HAVE_MEMORY_H
| #  include <memory.h>
| # endif
| # include <string.h>
| #endif
| #ifdef HAVE_STRINGS_H
| # include <strings.h>
| #endif
| #ifdef HAVE_INTTYPES_H
| # include <inttypes.h>
| #endif
| #ifdef HAVE_STDINT_H
| # include <stdint.h>
| #endif
| #ifdef HAVE_UNISTD_H
| # include <unistd.h>
| #endif
| int
| main ()
| {
| if (sizeof ((size_t)))
| 	    return 0;
|   ;
|   return 0;
| }
configure:16832: result: yes
configure:16843: checking for int8_t
configure:16843: g++ -c -g -O2  conftest.cpp >&5
configure:16843: $? = 0
configure:16843: g++ -c -g -O2  conftest.cpp >&5
conftest.cpp: In function 'int main()':
conftest.cpp:59:56: error: size of array 'test_array' is negative
    < (int8_t) (((((int8_t) 1 << N) << N) - 1) * 2 + 2))];
                                                        ^
configure:16843: $? = 1
configure: failed program was:
| /* confdefs.h */
| #define PACKAGE_NAME "ndn-cpp"
| #define PACKAGE_TARNAME "ndn-cpp"
| #define PACKAGE_VERSION "0.11"
| #define PACKAGE_STRING "ndn-cpp 0.11"
| #define PACKAGE_BUGREPORT "ndn-lib@lists.cs.ucla.edu"
| #define PACKAGE_URL "https://github.com/named-data/ndn-cpp"
| #define STDC_HEADERS 1
| #define HAVE_SYS_TYPES_H 1
| #define HAVE_SYS_STAT_H 1
| #define HAVE_STDLIB_H 1
| #define HAVE_STRING_H 1
| #define HAVE_MEMORY_H 1
| #define HAVE_STRINGS_H 1
| #define HAVE_INTTYPES_H 1
| #define HAVE_STDINT_H 1
| #define HAVE_UNISTD_H 1
| #define HAVE_DLFCN_H 1
| #define LT_OBJDIR ".libs/"
| /* end confdefs.h.  */
| #include <stdio.h>
| #ifdef HAVE_SYS_TYPES_H
| # include <sys/types.h>
| #endif
| #ifdef HAVE_SYS_STAT_H
| # include <sys/stat.h>
| #endif
| #ifdef STDC_HEADERS
| # include <stdlib.h>
| # include <stddef.h>
| #else
| # ifdef HAVE_STDLIB_H
| #  include <stdlib.h>
| # endif
| #endif
| #ifdef HAVE_STRING_H
| # if !defined STDC_HEADERS && defined HAVE_MEMORY_H
| #  include <memory.h>
| # endif
| # include <string.h>
| #endif
| #ifdef HAVE_STRINGS_H
| # include <strings.h>
| #endif
| #ifdef HAVE_INTTYPES_H
| # include <inttypes.h>
| #endif
| #ifdef HAVE_STDINT_H
| # include <stdint.h>
| #endif
| #ifdef HAVE_UNISTD_H
| # include <unistd.h>
| #endif
| 	        enum { N = 8 / 2 - 1 };
| int
| main ()
| {
| static int test_array [1 - 2 * !((int8_t) (((((int8_t) 1 << N) << N) - 1) * 2 + 1)
| 		 < (int8_t) (((((int8_t) 1 << N) << N) - 1) * 2 + 2))];
| test_array [0] = 0;
| return test_array [0];
| 
|   ;
|   return 0;
| }
configure:16843: result: yes
configure:16854: checking for int16_t
configure:16854: g++ -c -g -O2  conftest.cpp >&5
configure:16854: $? = 0
configure:16854: g++ -c -g -O2  conftest.cpp >&5
conftest.cpp: In function 'int main()':
conftest.cpp:59:58: error: size of array 'test_array' is negative
    < (int16_t) (((((int16_t) 1 << N) << N) - 1) * 2 + 2))];
                                                          ^
configure:16854: $? = 1
configure: failed program was:
| /* confdefs.h */
| #define PACKAGE_NAME "ndn-cpp"
| #define PACKAGE_TARNAME "ndn-cpp"
| #define PACKAGE_VERSION "0.11"
| #define PACKAGE_STRING "ndn-cpp 0.11"
| #define PACKAGE_BUGREPORT "ndn-lib@lists.cs.ucla.edu"
| #define PACKAGE_URL "https://github.com/named-data/ndn-cpp"
| #define STDC_HEADERS 1
| #define HAVE_SYS_TYPES_H 1
| #define HAVE_SYS_STAT_H 1
| #define HAVE_STDLIB_H 1
| #define HAVE_STRING_H 1
| #define HAVE_MEMORY_H 1
| #define HAVE_STRINGS_H 1
| #define HAVE_INTTYPES_H 1
| #define HAVE_STDINT_H 1
| #define HAVE_UNISTD_H 1
| #define HAVE_DLFCN_H 1
| #define LT_OBJDIR ".libs/"
| /* end confdefs.h.  */
| #include <stdio.h>
| #ifdef HAVE_SYS_TYPES_H
| # include <sys/types.h>
| #endif
| #ifdef HAVE_SYS_STAT_H
| # include <sys/stat.h>
| #endif
| #ifdef STDC_HEADERS
| # include <stdlib.h>
| # include <stddef.h>
| #else
| # ifdef HAVE_STDLIB_H
| #  include <stdlib.h>
| # endif
| #endif
| #ifdef HAVE_STRING_H
| # if !defined STDC_HEADERS && defined HAVE_MEMORY_H
| #  include <memory.h>
| # endif
| # include <string.h>
| #endif
| #ifdef HAVE_STRINGS_H
| # include <strings.h>
| #endif
| #ifdef HAVE_INTTYPES_H
| # include <inttypes.h>
| #endif
| #ifdef HAVE_STDINT_H
| # include <stdint.h>
| #endif
| #ifdef HAVE_UNISTD_H
| # include <unistd.h>
| #endif
| 	        enum { N = 16 / 2 - 1 };
| int
| main ()
| {
| static int test_array [1 - 2 * !((int16_t) (((((int16_t) 1 << N) << N) - 1) * 2 + 1)
| 		 < (int16_t) (((((int16_t) 1 << N) << N) - 1) * 2 + 2))];
| test_array [0] = 0;
| return test_array [0];
| 
|   ;
|   return 0;
| }
configure:16854: result: yes
configure:16865: checking for int32_t
configure:16865: g++ -c -g -O2  conftest.cpp >&5
configure:16865: $? = 0
configure:16865: g++ -c -g -O2  conftest.cpp >&5
conftest.cpp: In function 'int main()':
conftest.cpp:59:53: warning: integer overflow in expression [-Woverflow]
    < (int32_t) (((((int32_t) 1 << N) << N) - 1) * 2 + 2))];
                                                     ^
conftest.cpp:59:58: error: size of array 'test_array' is negative
    < (int32_t) (((((int32_t) 1 << N) << N) - 1) * 2 + 2))];
                                                          ^
configure:16865: $? = 1
configure: failed program was:
| /* confdefs.h */
| #define PACKAGE_NAME "ndn-cpp"
| #define PACKAGE_TARNAME "ndn-cpp"
| #define PACKAGE_VERSION "0.11"
| #define PACKAGE_STRING "ndn-cpp 0.11"
| #define PACKAGE_BUGREPORT "ndn-lib@lists.cs.ucla.edu"
| #define PACKAGE_URL "https://github.com/named-data/ndn-cpp"
| #define STDC_HEADERS 1
| #define HAVE_SYS_TYPES_H 1
| #define HAVE_SYS_STAT_H 1
| #define HAVE_STDLIB_H 1
| #define HAVE_STRING_H 1
| #define HAVE_MEMORY_H 1
| #define HAVE_STRINGS_H 1
| #define HAVE_INTTYPES_H 1
| #define HAVE_STDINT_H 1
| #define HAVE_UNISTD_H 1
| #define HAVE_DLFCN_H 1
| #define LT_OBJDIR ".libs/"
| /* end confdefs.h.  */
| #include <stdio.h>
| #ifdef HAVE_SYS_TYPES_H
| # include <sys/types.h>
| #endif
| #ifdef HAVE_SYS_STAT_H
| # include <sys/stat.h>
| #endif
| #ifdef STDC_HEADERS
| # include <stdlib.h>
| # include <stddef.h>
| #else
| # ifdef HAVE_STDLIB_H
| #  include <stdlib.h>
| # endif
| #endif
| #ifdef HAVE_STRING_H
| # if !defined STDC_HEADERS && defined HAVE_MEMORY_H
| #  include <memory.h>
| # endif
| # include <string.h>
| #endif
| #ifdef HAVE_STRINGS_H
| # include <strings.h>
| #endif
| #ifdef HAVE_INTTYPES_H
| # include <inttypes.h>
| #endif
| #ifdef HAVE_STDINT_H
| # include <stdint.h>
| #endif
| #ifdef HAVE_UNISTD_H
| # include <unistd.h>
| #endif
| 	        enum { N = 32 / 2 - 1 };
| int
| main ()
| {
| static int test_array [1 - 2 * !((int32_t) (((((int32_t) 1 << N) << N) - 1) * 2 + 1)
| 		 < (int32_t) (((((int32_t) 1 << N) << N) - 1) * 2 + 2))];
| test_array [0] = 0;
| return test_array [0];
| 
|   ;
|   return 0;
| }
configure:16865: result: yes
configure:16876: checking for int64_t
configure:16876: g++ -c -g -O2  conftest.cpp >&5
configure:16876: $? = 0
configure:16876: g++ -c -g -O2  conftest.cpp >&5
conftest.cpp: In function 'int main()':
conftest.cpp:59:53: warning: integer overflow in expression [-Woverflow]
    < (int64_t) (((((int64_t) 1 << N) << N) - 1) * 2 + 2))];
                                                     ^
conftest.cpp:59:58: error: size of array 'test_array' is negative
    < (int64_t) (((((int64_t) 1 << N) << N) - 1) * 2 + 2))];
                                                          ^
configure:16876: $? = 1
configure: failed program was:
| /* confdefs.h */
| #define PACKAGE_NAME "ndn-cpp"
| #define PACKAGE_TARNAME "ndn-cpp"
| #define PACKAGE_VERSION "0.11"
| #define PACKAGE_STRING "ndn-cpp 0.11"
| #define PACKAGE_BUGREPORT "ndn-lib@lists.cs.ucla.edu"
| #define PACKAGE_URL "https://github.com/named-data/ndn-cpp"
| #define STDC_HEADERS 1
| #define HAVE_SYS_TYPES_H 1
| #define HAVE_SYS_STAT_H 1
| #define HAVE_STDLIB_H 1
| #define HAVE_STRING_H 1
| #define HAVE_MEMORY_H 1
| #define HAVE_STRINGS_H 1
| #define HAVE_INTTYPES_H 1
| #define HAVE_STDINT_H 1
| #define HAVE_UNISTD_H 1
| #define HAVE_DLFCN_H 1
| #define LT_OBJDIR ".libs/"
| /* end confdefs.h.  */
| #include <stdio.h>
| #ifdef HAVE_SYS_TYPES_H
| # include <sys/types.h>
| #endif
| #ifdef HAVE_SYS_STAT_H
| # include <sys/stat.h>
| #endif
| #ifdef STDC_HEADERS
| # include <stdlib.h>
| # include <stddef.h>
| #else
| # ifdef HAVE_STDLIB_H
| #  include <stdlib.h>
| # endif
| #endif
| #ifdef HAVE_STRING_H
| # if !defined STDC_HEADERS && defined HAVE_MEMORY_H
| #  include <memory.h>
| # endif
| # include <string.h>
| #endif
| #ifdef HAVE_STRINGS_H
| # include <strings.h>
| #endif
| #ifdef HAVE_INTTYPES_H
| # include <inttypes.h>
| #endif
| #ifdef HAVE_STDINT_H
| # include <stdint.h>
| #endif
| #ifdef HAVE_UNISTD_H
| # include <unistd.h>
| #endif
| 	        enum { N = 64 / 2 - 1 };
| int
| main ()
| {
| static int test_array [1 - 2 * !((int64_t) (((((int64_t) 1 << N) << N) - 1) * 2 + 1)
| 		 < (int64_t) (((((int64_t) 1 << N) << N) - 1) * 2 + 2))];
| test_array [0] = 0;
| return test_array [0];
| 
|   ;
|   return 0;
| }
configure:16876: result: yes
configure:16887: checking for uint8_t
configure:16887: g++ -c -g -O2  conftest.cpp >&5
configure:16887: $? = 0
configure:16887: result: yes
configure:16901: checking for uint16_t
configure:16901: g++ -c -g -O2  conftest.cpp >&5
configure:16901: $? = 0
configure:16901: result: yes
configure:16913: checking for uint32_t
configure:16913: g++ -c -g -O2  conftest.cpp >&5
configure:16913: $? = 0
configure:16913: result: yes
configure:16927: checking for uint64_t
configure:16927: g++ -c -g -O2  conftest.cpp >&5
configure:16927: $? = 0
configure:16927: result: yes
configure:16944: checking for memcmp
configure:16944: g++ -o conftest -g -O2   conftest.cpp  >&5
configure:16944: $? = 0
configure:16944: result: yes
configure:16944: checking for memcpy
configure:16944: g++ -o conftest -g -O2   conftest.cpp  >&5
configure:16944: $? = 0
configure:16944: result: yes
configure:16944: checking for memset
configure:16944: g++ -o conftest -g -O2   conftest.cpp  >&5
configure:16944: $? = 0
configure:16944: result: yes
configure:16955: checking for strchr
configure:16955: g++ -o conftest -g -O2   conftest.cpp  >&5
configure:16955: $? = 0
configure:16955: result: yes
configure:16968: checking for sscanf
configure:16968: g++ -o conftest -g -O2   conftest.cpp  >&5
configure:16968: $? = 0
configure:16968: result: yes
configure:16982: checking time.h usability
configure:16982: g++ -c -g -O2  conftest.cpp >&5
configure:16982: $? = 0
configure:16982: result: yes
configure:16982: checking time.h presence
configure:16982: g++ -E  conftest.cpp
configure:16982: $? = 0
configure:16982: result: yes
configure:16982: checking for time.h
configure:16982: result: yes
configure:16996: checking sys/time.h usability
configure:16996: g++ -c -g -O2  conftest.cpp >&5
configure:16996: $? = 0
configure:16996: result: yes
configure:16996: checking sys/time.h presence
configure:16996: g++ -E  conftest.cpp
configure:16996: $? = 0
configure:16996: result: yes
configure:16996: checking for sys/time.h
configure:16996: result: yes
configure:17010: checking for gettimeofday
configure:17010: g++ -o conftest -g -O2   conftest.cpp  >&5
configure:17010: $? = 0
configure:17010: result: yes
configure:17023: checking for round
configure:17023: g++ -o conftest -g -O2   conftest.cpp  >&5
configure:17023: $? = 0
configure:17023: result: yes
configure:17039: checking whether g++ supports C++11 features by default
configure:17065: g++ -c -g -O2  conftest.cpp >&5
conftest.cpp:34:21: error: expected identifier before 'sizeof'
       static_assert(sizeof(int) <= sizeof(T), "not big enough");
                     ^
conftest.cpp:34:21: error: expected ',' or '...' before 'sizeof'
conftest.cpp:34:63: error: ISO C++ forbids declaration of 'static_assert' with no type [-fpermissive]
       static_assert(sizeof(int) <= sizeof(T), "not big enough");
                                                               ^
conftest.cpp:37:29: error: '>>' should be '> >' within a nested template argument list
     typedef check<check<bool>> right_angle_brackets;
                             ^
conftest.cpp:40:13: error: expected constructor, destructor, or type conversion before '(' token
     decltype(a) b;
             ^
conftest.cpp:44:15: error: expected unqualified-id before '&&' token
     check_type&& cr = static_cast<check_type&&>(c);
               ^
conftest.cpp:46:10: error: 'd' does not name a type
     auto d = a;
          ^
configure:17065: $? = 1
configure: failed program was:
| /* confdefs.h */
| #define PACKAGE_NAME "ndn-cpp"
| #define PACKAGE_TARNAME "ndn-cpp"
| #define PACKAGE_VERSION "0.11"
| #define PACKAGE_STRING "ndn-cpp 0.11"
| #define PACKAGE_BUGREPORT "ndn-lib@lists.cs.ucla.edu"
| #define PACKAGE_URL "https://github.com/named-data/ndn-cpp"
| #define STDC_HEADERS 1
| #define HAVE_SYS_TYPES_H 1
| #define HAVE_SYS_STAT_H 1
| #define HAVE_STDLIB_H 1
| #define HAVE_STRING_H 1
| #define HAVE_MEMORY_H 1
| #define HAVE_STRINGS_H 1
| #define HAVE_INTTYPES_H 1
| #define HAVE_STDINT_H 1
| #define HAVE_UNISTD_H 1
| #define HAVE_DLFCN_H 1
| #define LT_OBJDIR ".libs/"
| #define HAVE_MEMCMP 1
| #define HAVE_MEMCPY 1
| #define HAVE_MEMSET 1
| #define HAVE_STRCHR 1
| #define HAVE_SSCANF 1
| #define HAVE_TIME_H 1
| #define HAVE_SYS_TIME_H 1
| #define HAVE_GETTIMEOFDAY 1
| #define HAVE_ROUND 1
| /* end confdefs.h.  */
| 
|   template <typename T>
|     struct check
|     {
|       static_assert(sizeof(int) <= sizeof(T), "not big enough");
|     };
| 
|     typedef check<check<bool>> right_angle_brackets;
| 
|     int a;
|     decltype(a) b;
| 
|     typedef check<int> check_type;
|     check_type c;
|     check_type&& cr = static_cast<check_type&&>(c);
| 
|     auto d = a;
| 
configure:17072: result: no
configure:17081: checking whether g++ supports C++11 features with -std=gnu++11
configure:17109: g++ -c -g -O2 -std=gnu++11  conftest.cpp >&5
configure:17109: $? = 0
configure:17118: result: yes
configure:17202: checking for inline
configure:17218: g++ -c -g -O2 -std=gnu++11  conftest.cpp >&5
configure:17218: $? = 0
configure:17226: result: inline
configure:17294: checking for boostlib >= 1.48
configure:17377: g++ -c -g -O2 -std=gnu++11  -I/usr/include conftest.cpp >&5
configure:17377: $? = 0
configure:17379: result: yes
configure:17566: checking whether the Boost::ASIO library is available
configure:17597: g++ -c -g -O2 -std=gnu++11  -I/usr/include conftest.cpp >&5
configure:17597: $? = 0
configure:17611: result: yes
configure:17622: checking for main in -lboost_system
configure:17641: g++ -o conftest -g -O2 -std=gnu++11  -I/usr/include  -L/usr/lib/x86_64-linux-gnu conftest.cpp -lboost_system   >&5
configure:17641: $? = 0
configure:17651: result: yes
configure:17716: checking for std::shared_ptr
configure:17731: g++ -c -g -O2 -std=gnu++11  conftest.cpp >&5
configure:17731: $? = 0
configure:17733: result: yes
configure:17750: checking for boost::shared_ptr
configure:17765: g++ -c -g -O2 -std=gnu++11  conftest.cpp >&5
configure:17765: $? = 0
configure:17767: result: yes
configure:17833: checking for std::function
configure:17850: g++ -c -g -O2 -std=gnu++11  conftest.cpp >&5
configure:17850: $? = 0
configure:17852: result: yes
configure:17869: checking for boost::function
configure:17887: g++ -c -g -O2 -std=gnu++11  conftest.cpp >&5
configure:17887: $? = 0
configure:17889: result: yes
configure:17955: checking for std::regex support
configure:17971: g++ -c -g -O2 -std=gnu++11  conftest.cpp >&5
configure:17971: $? = 0
configure:17973: result: yes
configure:18221: checking for gmtime support
configure:18241: g++ -c -g -O2 -std=gnu++11  conftest.cpp >&5
configure:18241: $? = 0
configure:18243: result: yes
configure:18265: checking for EVP_EncryptInit in -lcrypto
configure:18290: g++ -o conftest -g -O2 -std=gnu++11   conftest.cpp -lcrypto   >&5
configure:18290: $? = 0
configure:18299: result: yes
configure:18359: checking for SQLite3 library >= 3.0.0
configure:18408: gcc -c -g -O2  -I/usr/include conftest.c >&5
configure:18408: $? = 0
configure:18410: result: yes
configure:18461: checking for sqlite3_open in -lsqlite3
configure:18486: g++ -o conftest -g -O2 -std=gnu++11   conftest.cpp -lsqlite3  -lcrypto  >&5
configure:18486: $? = 0
configure:18495: result: yes
configure:18514: checking for OSX Security framework
configure:18531: g++ -c -g -O2 -std=gnu++11  conftest.cpp >&5
conftest.cpp:46:43: fatal error: CoreFoundation/CoreFoundation.h: No such file or directory
compilation terminated.
configure:18531: $? = 1
configure: failed program was:
| /* confdefs.h */
| #define PACKAGE_NAME "ndn-cpp"
| #define PACKAGE_TARNAME "ndn-cpp"
| #define PACKAGE_VERSION "0.11"
| #define PACKAGE_STRING "ndn-cpp 0.11"
| #define PACKAGE_BUGREPORT "ndn-lib@lists.cs.ucla.edu"
| #define PACKAGE_URL "https://github.com/named-data/ndn-cpp"
| #define STDC_HEADERS 1
| #define HAVE_SYS_TYPES_H 1
| #define HAVE_SYS_STAT_H 1
| #define HAVE_STDLIB_H 1
| #define HAVE_STRING_H 1
| #define HAVE_MEMORY_H 1
| #define HAVE_STRINGS_H 1
| #define HAVE_INTTYPES_H 1
| #define HAVE_STDINT_H 1
| #define HAVE_UNISTD_H 1
| #define HAVE_DLFCN_H 1
| #define LT_OBJDIR ".libs/"
| #define HAVE_MEMCMP 1
| #define HAVE_MEMCPY 1
| #define HAVE_MEMSET 1
| #define HAVE_STRCHR 1
| #define HAVE_SSCANF 1
| #define HAVE_TIME_H 1
| #define HAVE_SYS_TIME_H 1
| #define HAVE_GETTIMEOFDAY 1
| #define HAVE_ROUND 1
| #define HAVE_CXX11 1
| #define HAVE_BOOST /**/
| #define HAVE_BOOST_ASIO /**/
| #define HAVE_STD_SHARED_PTR 1
| #define HAVE_BOOST_SHARED_PTR 1
| #define WITH_STD_SHARED_PTR 1
| #define WITH_BOOST_SHARED_PTR 1
| #define HAVE_STD_FUNCTION 1
| #define HAVE_BOOST_FUNCTION 1
| #define WITH_STD_FUNCTION 1
| #define WITH_BOOST_FUNCTION 1
| #define HAVE_STD_REGEX 1
| #define HAVE_GMTIME_SUPPORT 1
| #define HAVE_LIBCRYPTO 1
| #define HAVE_SQLITE3 /**/
| #define HAVE_LIBSQLITE3 1
| /* end confdefs.h.  */
| #include <CoreFoundation/CoreFoundation.h>
|     #include <Security/Security.h>
|     #include <CoreServices/CoreServices.h>
|     void test() { SecKeychainRef x; }
| int
| main ()
| {
| 
|   ;
|   return 0;
| }
| 
configure:18539: result: no
configure:18576: checking for __attribute__((deprecated))
configure:18590: g++ -c -g -O2 -std=gnu++11  conftest.cpp >&5
configure:18590: $? = 0
configure:18592: result: yes
configure:18614: checking for htonll
configure:18629: g++ -c -g -O2 -std=gnu++11  conftest.cpp >&5
conftest.cpp:49:22: fatal error: WinSock2.h: No such file or directory
compilation terminated.
configure:18629: $? = 1
configure: failed program was:
| /* confdefs.h */
| #define PACKAGE_NAME "ndn-cpp"
| #define PACKAGE_TARNAME "ndn-cpp"
| #define PACKAGE_VERSION "0.11"
| #define PACKAGE_STRING "ndn-cpp 0.11"
| #define PACKAGE_BUGREPORT "ndn-lib@lists.cs.ucla.edu"
| #define PACKAGE_URL "https://github.com/named-data/ndn-cpp"
| #define STDC_HEADERS 1
| #define HAVE_SYS_TYPES_H 1
| #define HAVE_SYS_STAT_H 1
| #define HAVE_STDLIB_H 1
| #define HAVE_STRING_H 1
| #define HAVE_MEMORY_H 1
| #define HAVE_STRINGS_H 1
| #define HAVE_INTTYPES_H 1
| #define HAVE_STDINT_H 1
| #define HAVE_UNISTD_H 1
| #define HAVE_DLFCN_H 1
| #define LT_OBJDIR ".libs/"
| #define HAVE_MEMCMP 1
| #define HAVE_MEMCPY 1
| #define HAVE_MEMSET 1
| #define HAVE_STRCHR 1
| #define HAVE_SSCANF 1
| #define HAVE_TIME_H 1
| #define HAVE_SYS_TIME_H 1
| #define HAVE_GETTIMEOFDAY 1
| #define HAVE_ROUND 1
| #define HAVE_CXX11 1
| #define HAVE_BOOST /**/
| #define HAVE_BOOST_ASIO /**/
| #define HAVE_STD_SHARED_PTR 1
| #define HAVE_BOOST_SHARED_PTR 1
| #define WITH_STD_SHARED_PTR 1
| #define WITH_BOOST_SHARED_PTR 1
| #define HAVE_STD_FUNCTION 1
| #define HAVE_BOOST_FUNCTION 1
| #define WITH_STD_FUNCTION 1
| #define WITH_BOOST_FUNCTION 1
| #define HAVE_STD_REGEX 1
| #define HAVE_GMTIME_SUPPORT 1
| #define HAVE_LIBCRYPTO 1
| #define HAVE_SQLITE3 /**/
| #define HAVE_LIBSQLITE3 1
| #define HAVE_OSX_SECURITY 0
| #define WITH_OSX_KEYCHAIN 0
| #define HAVE_ATTRIBUTE_DEPRECATED 1
| /* end confdefs.h.  */
| #include <WinSock2.h>
|     htonll(1);
| int
| main ()
| {
| 
|   ;
|   return 0;
| }
| 
configure:18641: result: no
configure:18652: checking for log4cxx
configure:18667: g++ -c -g -O2 -std=gnu++11  conftest.cpp >&5
configure:18667: $? = 0
configure:18669: result: yes
configure:18687: checking for main in -llog4cxx
configure:18706: g++ -o conftest -g -O2 -std=gnu++11   conftest.cpp -llog4cxx  -lsqlite3 -lcrypto  >&5
configure:18706: $? = 0
configure:18715: result: yes
configure:18733: checking for Protobuf
configure:18748: g++ -c -g -O2 -std=gnu++11  conftest.cpp >&5
configure:18748: $? = 0
configure:18750: result: yes
configure:18768: checking for main in -lprotobuf
configure:18787: g++ -o conftest -g -O2 -std=gnu++11   conftest.cpp -lprotobuf  -llog4cxx -lsqlite3 -lcrypto  >&5
configure:18787: $? = 0
configure:18796: result: yes
configure:18813: checking for main in -lpthread
configure:18832: g++ -o conftest -g -O2 -std=gnu++11   conftest.cpp -lpthread  -lprotobuf -llog4cxx -lsqlite3 -lcrypto  >&5
configure:18832: $? = 0
configure:18841: result: yes
configure:18966: checking for doxygen
configure:18984: found /usr/bin/doxygen
configure:18996: result: /usr/bin/doxygen
configure:19072: checking for perl
configure:19090: found /usr/bin/perl
configure:19102: result: /usr/bin/perl
configure:20808: checking that generated files are newer than configure
configure:20814: result: done
configure:20893: creating ./config.status

## ---------------------- ##
## Running config.status. ##
## ---------------------- ##

This file was extended by ndn-cpp config.status 0.11, which was
generated by GNU Autoconf 2.69.  Invocation command line was

  CONFIG_FILES    = 
  CONFIG_HEADERS  = 
  CONFIG_LINKS    = 
  CONFIG_COMMANDS = 
  $ ./config.status 

on mali

config.status:1248: creating Makefile
config.status:1248: creating include/Makefile
config.status:1248: creating libndn-cpp.pc
config.status:1248: creating include/config.h
config.status:1429: include/config.h is unchanged
config.status:1477: executing include/ndn-cpp/ndn-cpp-config.h commands
config.status:1515: creating include/ndn-cpp/ndn-cpp-config.h - prefix NDN_CPP for include/config.h defines
config.status:1537: include/ndn-cpp/ndn-cpp-config.h is unchanged
config.status:1477: executing depfiles commands
config.status:1477: executing libtool commands

## ---------------- ##
## Cache variables. ##
## ---------------- ##

ac_cv_build=x86_64-pc-linux-gnu
ac_cv_c_compiler_gnu=yes
ac_cv_c_inline=inline
ac_cv_c_int16_t=yes
ac_cv_c_int32_t=yes
ac_cv_c_int64_t=yes
ac_cv_c_int8_t=yes
ac_cv_c_uint16_t=yes
ac_cv_c_uint32_t=yes
ac_cv_c_uint64_t=yes
ac_cv_c_uint8_t=yes
ac_cv_cxx_compiler_gnu=yes
ac_cv_env_CCC_set=
ac_cv_env_CCC_value=
ac_cv_env_CC_set=
ac_cv_env_CC_value=
ac_cv_env_CFLAGS_set=
ac_cv_env_CFLAGS_value=
ac_cv_env_CPPFLAGS_set=
ac_cv_env_CPPFLAGS_value=
ac_cv_env_CPP_set=
ac_cv_env_CPP_value=
ac_cv_env_CXXCPP_set=
ac_cv_env_CXXCPP_value=
ac_cv_env_CXXFLAGS_set=
ac_cv_env_CXXFLAGS_value=
ac_cv_env_CXX_set=
ac_cv_env_CXX_value=
ac_cv_env_DOXYGEN_PAPER_SIZE_set=
ac_cv_env_DOXYGEN_PAPER_SIZE_value=
ac_cv_env_LDFLAGS_set=
ac_cv_env_LDFLAGS_value=
ac_cv_env_LIBS_set=
ac_cv_env_LIBS_value=
ac_cv_env_LT_SYS_LIBRARY_PATH_set=
ac_cv_env_LT_SYS_LIBRARY_PATH_value=
ac_cv_env_OBJCXXFLAGS_set=
ac_cv_env_OBJCXXFLAGS_value=
ac_cv_env_OBJCXX_set=
ac_cv_env_OBJCXX_value=
ac_cv_env_build_alias_set=
ac_cv_env_build_alias_value=
ac_cv_env_host_alias_set=
ac_cv_env_host_alias_value=
ac_cv_env_target_alias_set=
ac_cv_env_target_alias_value=
ac_cv_func_gettimeofday=yes
ac_cv_func_memcmp=yes
ac_cv_func_memcpy=yes
ac_cv_func_memset=yes
ac_cv_func_round=yes
ac_cv_func_sscanf=yes
ac_cv_func_strchr=yes
ac_cv_header_dlfcn_h=yes
ac_cv_header_inttypes_h=yes
ac_cv_header_memory_h=yes
ac_cv_header_stdc=yes
ac_cv_header_stdint_h=yes
ac_cv_header_stdlib_h=yes
ac_cv_header_string_h=yes
ac_cv_header_strings_h=yes
ac_cv_header_sys_stat_h=yes
ac_cv_header_sys_time_h=yes
ac_cv_header_sys_types_h=yes
ac_cv_header_time_h=yes
ac_cv_header_unistd_h=yes
ac_cv_host=x86_64-pc-linux-gnu
ac_cv_lib_boost_system___main=yes
ac_cv_lib_crypto_EVP_EncryptInit=yes
ac_cv_lib_log4cxx_main=yes
ac_cv_lib_protobuf_main=yes
ac_cv_lib_pthread_main=yes
ac_cv_lib_sqlite3_sqlite3_open=yes
ac_cv_objcxx_compiler_gnu=no
ac_cv_objext=o
ac_cv_path_EGREP='/bin/grep -E'
ac_cv_path_FGREP='/bin/grep -F'
ac_cv_path_GREP=/bin/grep
ac_cv_path_SED=/bin/sed
ac_cv_path_ac_pt_DX_DOXYGEN=/usr/bin/doxygen
ac_cv_path_ac_pt_DX_PERL=/usr/bin/perl
ac_cv_path_install='/usr/bin/install -c'
ac_cv_path_lt_DD=/bin/dd
ac_cv_path_mkdir=/bin/mkdir
ac_cv_prog_AWK=mawk
ac_cv_prog_CPP='gcc -E'
ac_cv_prog_CXXCPP='g++ -E'
ac_cv_prog_ac_ct_AR=ar
ac_cv_prog_ac_ct_CC=gcc
ac_cv_prog_ac_ct_CXX=g++
ac_cv_prog_ac_ct_MANIFEST_TOOL=mt
ac_cv_prog_ac_ct_OBJCXX=g++
ac_cv_prog_ac_ct_OBJDUMP=objdump
ac_cv_prog_ac_ct_RANLIB=ranlib
ac_cv_prog_ac_ct_STRIP=strip
ac_cv_prog_cc_c89=
ac_cv_prog_cc_g=yes
ac_cv_prog_cxx_g=yes
ac_cv_prog_make_make_set=yes
ac_cv_prog_objcxx_g=no
ac_cv_type_size_t=yes
am_cv_CC_dependencies_compiler_type=gcc3
am_cv_CXX_dependencies_compiler_type=gcc3
am_cv_OBJCXX_dependencies_compiler_type=gcc3
am_cv_ar_interface=ar
am_cv_make_support_nested_variables=yes
am_cv_prog_cc_c_o=yes
ax_cv_boost_asio=yes
ax_cv_cxx_compile_cxx11=no
ax_cv_cxx_compile_cxx11__std_gnupp11=yes
lt_cv_ar_at_file=@
lt_cv_archive_cmds_need_lc=no
lt_cv_deplibs_check_method=pass_all
lt_cv_file_magic_cmd='$MAGIC_CMD'
lt_cv_file_magic_test_file=
lt_cv_ld_reload_flag=-r
lt_cv_nm_interface='BSD nm'
lt_cv_objdir=.libs
lt_cv_path_LD=/usr/bin/ld
lt_cv_path_LDCXX='/usr/bin/ld -m elf_x86_64'
lt_cv_path_NM='/usr/bin/nm -B'
lt_cv_path_mainfest_tool=no
lt_cv_prog_compiler_c_o=yes
lt_cv_prog_compiler_c_o_CXX=yes
lt_cv_prog_compiler_pic='-fPIC -DPIC'
lt_cv_prog_compiler_pic_CXX='-fPIC -DPIC'
lt_cv_prog_compiler_pic_works=yes
lt_cv_prog_compiler_pic_works_CXX=yes
lt_cv_prog_compiler_rtti_exceptions=no
lt_cv_prog_compiler_static_works=yes
lt_cv_prog_compiler_static_works_CXX=yes
lt_cv_prog_gnu_ld=yes
lt_cv_prog_gnu_ldcxx=yes
lt_cv_sharedlib_from_linklib_cmd='printf %s\n'
lt_cv_shlibpath_overrides_runpath=no
lt_cv_sys_global_symbol_pipe='sed -n -e '\''s/^.*[	 ]\([ABCDGIRSTW][ABCDGIRSTW]*\)[	 ][	 ]*\([_A-Za-z][_A-Za-z0-9]*\)$/\1 \2 \2/p'\'' | sed '\''/ __gnu_lto/d'\'''
lt_cv_sys_global_symbol_to_c_name_address='sed -n -e '\''s/^: \(.*\) .*$/  {"\1", (void *) 0},/p'\'' -e '\''s/^[ABCDGIRSTW][ABCDGIRSTW]* .* \(.*\)$/  {"\1", (void *) \&\1},/p'\'''
lt_cv_sys_global_symbol_to_c_name_address_lib_prefix='sed -n -e '\''s/^: \(.*\) .*$/  {"\1", (void *) 0},/p'\'' -e '\''s/^[ABCDGIRSTW][ABCDGIRSTW]* .* \(lib.*\)$/  {"\1", (void *) \&\1},/p'\'' -e '\''s/^[ABCDGIRSTW][ABCDGIRSTW]* .* \(.*\)$/  {"lib\1", (void *) \&\1},/p'\'''
lt_cv_sys_global_symbol_to_cdecl='sed -n -e '\''s/^T .* \(.*\)$/extern int \1();/p'\'' -e '\''s/^[ABCDGIRSTW][ABCDGIRSTW]* .* \(.*\)$/extern char \1;/p'\'''
lt_cv_sys_global_symbol_to_import=
lt_cv_sys_max_cmd_len=1572864
lt_cv_to_host_file_cmd=func_convert_file_noop
lt_cv_to_tool_file_cmd=func_convert_file_noop
lt_cv_truncate_bin='/bin/dd bs=4096 count=1'

## ----------------- ##
## Output variables. ##
## ----------------- ##

ACLOCAL='${SHELL} /home/mali/git/Security/missing aclocal-1.15'
AMDEPBACKSLASH='\'
AMDEP_FALSE='#'
AMDEP_TRUE=''
AMTAR='$${TAR-tar}'
AM_BACKSLASH='\'
AM_DEFAULT_V='$(AM_DEFAULT_VERBOSITY)'
AM_DEFAULT_VERBOSITY='1'
AM_V='$(V)'
AR='ar'
AUTOCONF='${SHELL} /home/mali/git/Security/missing autoconf'
AUTOHEADER='${SHELL} /home/mali/git/Security/missing autoheader'
AUTOMAKE='${SHELL} /home/mali/git/Security/missing automake-1.15'
AWK='mawk'
BOOST_ASIO_LIB='-lboost_system'
BOOST_CPPFLAGS='-I/usr/include'
BOOST_LDFLAGS='-L/usr/lib/x86_64-linux-gnu'
BOOST_REGEX_LIB=''
CC='gcc'
CCDEPMODE='depmode=gcc3'
CFLAGS='-g -O2'
CPP='gcc -E'
CPPFLAGS=''
CXX='g++'
CXXCPP='g++ -E'
CXXDEPMODE='depmode=gcc3'
CXXFLAGS='-g -O2 -std=gnu++11'
CYGPATH_W='echo'
DEFS='-DHAVE_CONFIG_H'
DEPDIR='.deps'
DLLTOOL='false'
DOXYGEN_PAPER_SIZE=''
DSYMUTIL=''
DUMPBIN=''
DX_COND_chi_FALSE=''
DX_COND_chi_TRUE='#'
DX_COND_chm_FALSE=''
DX_COND_chm_TRUE='#'
DX_COND_doc_FALSE='#'
DX_COND_doc_TRUE=''
DX_COND_dot_FALSE=''
DX_COND_dot_TRUE='#'
DX_COND_html_FALSE='#'
DX_COND_html_TRUE=''
DX_COND_latex_FALSE=''
DX_COND_latex_TRUE='#'
DX_COND_man_FALSE=''
DX_COND_man_TRUE='#'
DX_COND_pdf_FALSE=''
DX_COND_pdf_TRUE='#'
DX_COND_ps_FALSE=''
DX_COND_ps_TRUE='#'
DX_COND_rtf_FALSE=''
DX_COND_rtf_TRUE='#'
DX_COND_xml_FALSE=''
DX_COND_xml_TRUE='#'
DX_CONFIG='Doxyfile'
DX_DOCDIR='doxygen-doc'
DX_DOT=''
DX_DOXYGEN='/usr/bin/doxygen'
DX_DVIPS=''
DX_EGREP=''
DX_ENV=' SRCDIR='\''.'\'' PROJECT='\''ndn-cpp'\'' DOCDIR='\''doxygen-doc'\'' VERSION='\''0.11'\'' PERL_PATH='\''/usr/bin/perl'\'' HAVE_DOT='\''NO'\'' GENERATE_MAN='\''NO'\'' GENERATE_RTF='\''NO'\'' GENERATE_XML='\''NO'\'' GENERATE_HTMLHELP='\''NO'\'' GENERATE_CHI='\''NO'\'' GENERATE_HTML='\''YES'\'' GENERATE_LATEX='\''NO'\'''
DX_FLAG_chi='0'
DX_FLAG_chm='0'
DX_FLAG_doc='1'
DX_FLAG_dot='0'
DX_FLAG_html='1'
DX_FLAG_man='0'
DX_FLAG_pdf='0'
DX_FLAG_ps='0'
DX_FLAG_rtf='0'
DX_FLAG_xml='0'
DX_HHC=''
DX_LATEX=''
DX_MAKEINDEX=''
DX_PDFLATEX=''
DX_PERL='/usr/bin/perl'
DX_PROJECT='ndn-cpp'
ECHO_C=''
ECHO_N='-n'
ECHO_T=''
EGREP='/bin/grep -E'
EXEEXT=''
FGREP='/bin/grep -F'
GREP='/bin/grep'
HAVE_CXX11='1'
INSTALL_DATA='${INSTALL} -m 644'
INSTALL_PROGRAM='${INSTALL}'
INSTALL_SCRIPT='${INSTALL}'
INSTALL_STRIP_PROGRAM='$(install_sh) -c -s'
LD='/usr/bin/ld -m elf_x86_64'
LDFLAGS=''
LIBOBJS=''
LIBS='-lpthread -lprotobuf -llog4cxx -lsqlite3 -lcrypto '
LIBTOOL='$(SHELL) $(top_builddir)/libtool'
LIPO=''
LN_S='ln -s'
LTLIBOBJS=''
LT_SYS_LIBRARY_PATH=''
MAINT='#'
MAINTAINER_MODE_FALSE=''
MAINTAINER_MODE_TRUE='#'
MAKEINFO='${SHELL} /home/mali/git/Security/missing makeinfo'
MANIFEST_TOOL=':'
MKDIR_P='/bin/mkdir -p'
NM='/usr/bin/nm -B'
NMEDIT=''
OBJCXX='g++'
OBJCXXDEPMODE='depmode=gcc3'
OBJCXXFLAGS=''
OBJDUMP='objdump'
OBJEXT='o'
OTOOL64=''
OTOOL=''
PACKAGE='ndn-cpp'
PACKAGE_BUGREPORT='ndn-lib@lists.cs.ucla.edu'
PACKAGE_NAME='ndn-cpp'
PACKAGE_STRING='ndn-cpp 0.11'
PACKAGE_TARNAME='ndn-cpp'
PACKAGE_URL='https://github.com/named-data/ndn-cpp'
PACKAGE_VERSION='0.11'
PATH_SEPARATOR=':'
RANLIB='ranlib'
SED='/bin/sed'
SET_MAKE=''
SHELL='/bin/bash'
SQLITE3_CFLAGS='-I/usr/include'
SQLITE3_LDFLAGS='-L/usr/lib -lsqlite3'
SQLITE3_VERSION='3.11.0'
STRIP='strip'
VERSION='0.11'
ac_ct_AR='ar'
ac_ct_CC='gcc'
ac_ct_CXX='g++'
ac_ct_DUMPBIN=''
ac_ct_OBJCXX='g++'
am__EXEEXT_FALSE=''
am__EXEEXT_TRUE='#'
am__fastdepCC_FALSE='#'
am__fastdepCC_TRUE=''
am__fastdepCXX_FALSE='#'
am__fastdepCXX_TRUE=''
am__fastdepOBJCXX_FALSE='#'
am__fastdepOBJCXX_TRUE=''
am__include='include'
am__isrc=''
am__leading_dot='.'
am__nodep='_no'
am__quote=''
am__tar='$${TAR-tar} chof - "$$tardir"'
am__untar='$${TAR-tar} xf -'
bindir='${exec_prefix}/bin'
build='x86_64-pc-linux-gnu'
build_alias=''
build_cpu='x86_64'
build_os='linux-gnu'
build_vendor='pc'
datadir='${datarootdir}'
datarootdir='${prefix}/share'
docdir='${datarootdir}/doc/${PACKAGE_TARNAME}'
dvidir='${docdir}'
exec_prefix='${prefix}'
host='x86_64-pc-linux-gnu'
host_alias=''
host_cpu='x86_64'
host_os='linux-gnu'
host_vendor='pc'
htmldir='${docdir}'
includedir='${prefix}/include'
infodir='${datarootdir}/info'
install_sh='${SHELL} /home/mali/git/Security/install-sh'
libdir='${exec_prefix}/lib'
libexecdir='${exec_prefix}/libexec'
localedir='${datarootdir}/locale'
localstatedir='${prefix}/var'
mandir='${datarootdir}/man'
mkdir_p='$(MKDIR_P)'
oldincludedir='/usr/include'
pdfdir='${docdir}'
prefix='/usr/local'
program_transform_name='s,x,x,'
psdir='${docdir}'
runstatedir='${localstatedir}/run'
sbindir='${exec_prefix}/sbin'
sharedstatedir='${prefix}/com'
sysconfdir='${prefix}/etc'
target_alias=''

## ----------- ##
## confdefs.h. ##
## ----------- ##

/* confdefs.h */
#define PACKAGE_NAME "ndn-cpp"
#define PACKAGE_TARNAME "ndn-cpp"
#define PACKAGE_VERSION "0.11"
#define PACKAGE_STRING "ndn-cpp 0.11"
#define PACKAGE_BUGREPORT "ndn-lib@lists.cs.ucla.edu"
#define PACKAGE_URL "https://github.com/named-data/ndn-cpp"
#define STDC_HEADERS 1
#define HAVE_SYS_TYPES_H 1
#define HAVE_SYS_STAT_H 1
#define HAVE_STDLIB_H 1
#define HAVE_STRING_H 1
#define HAVE_MEMORY_H 1
#define HAVE_STRINGS_H 1
#define HAVE_INTTYPES_H 1
#define HAVE_STDINT_H 1
#define HAVE_UNISTD_H 1
#define HAVE_DLFCN_H 1
#define LT_OBJDIR ".libs/"
#define HAVE_MEMCMP 1
#define HAVE_MEMCPY 1
#define HAVE_MEMSET 1
#define HAVE_STRCHR 1
#define HAVE_SSCANF 1
#define HAVE_TIME_H 1
#define HAVE_SYS_TIME_H 1
#define HAVE_GETTIMEOFDAY 1
#define HAVE_ROUND 1
#define HAVE_CXX11 1
#define HAVE_BOOST /**/
#define HAVE_BOOST_ASIO /**/
#define HAVE_STD_SHARED_PTR 1
#define HAVE_BOOST_SHARED_PTR 1
#define WITH_STD_SHARED_PTR 1
#define WITH_BOOST_SHARED_PTR 1
#define HAVE_STD_FUNCTION 1
#define HAVE_BOOST_FUNCTION 1
#define WITH_STD_FUNCTION 1
#define WITH_BOOST_FUNCTION 1
#define HAVE_STD_REGEX 1
#define HAVE_GMTIME_SUPPORT 1
#define HAVE_LIBCRYPTO 1
#define HAVE_SQLITE3 /**/
#define HAVE_LIBSQLITE3 1
#define HAVE_OSX_SECURITY 0
#define WITH_OSX_KEYCHAIN 0
#define HAVE_ATTRIBUTE_DEPRECATED 1
#define HAVE_HTONLL 0
#define HAVE_LOG4CXX 1
#define HAVE_LIBLOG4CXX 1
#define HAVE_PROTOBUF 1
#define HAVE_LIBPROTOBUF 1
#define HAVE_LIBPTHREAD 1

configure: exit 0
